<?xml version='1.0' encoding='UTF-8'?>
<testsuite hostname="vics-macbook.home" name="WeightedGraphSpec" tests="4" errors="0" failures="0" skipped="0" time="0.017" timestamp="2024-07-19T14:07:31">
          <properties>
[...]
</properties>
          <testcase classname="WeightedGraphSpec" name="A WeightedGraph should correctly add edges with default weight" time="0.01">
                      
                    </testcase><testcase classname="WeightedGraphSpec" name="A WeightedGraph should correctly add edges with custom weight" time="0.004">
                      
                    </testcase><testcase classname="WeightedGraphSpec" name="A WeightedGraph should correctly remove edges" time="0.002">
                      
                    </testcase><testcase classname="WeightedGraphSpec" name="A WeightedGraph should return neighbors of a vertex" time="0.001">
                      
                    </testcase>
          <system-out><![CDATA[]]></system-out>
          <system-err><![CDATA[]]></system-err>
        </testsuite>