<?xml version='1.0' encoding='UTF-8'?>
<testsuite hostname="vics-macbook.home" name="graph.GraphOperationsSpec" tests="8" errors="0" failures="0" skipped="0" time="0.024" timestamp="2024-07-19T19:43:58">
          <properties>
[...]
</properties>
          <testcase classname="graph.GraphOperationsSpec" name="DFS should visit all nodes in depth-first order" time="0.012">
                      
                    </testcase><testcase classname="graph.GraphOperationsSpec" name="BFS should visit all nodes in breadth-first order" time="0.002">
                      
                    </testcase><testcase classname="graph.GraphOperationsSpec" name="Topological Sort should return a valid ordering of nodes" time="0.001">
                      
                    </testcase><testcase classname="graph.GraphOperationsSpec" name="Topological Sort should return None for a cyclic graph" time="0.0">
                      
                    </testcase><testcase classname="graph.GraphOperationsSpec" name="Cycle Detection should detect a cycle in a graph" time="0.0">
                      
                    </testcase><testcase classname="graph.GraphOperationsSpec" name="Cycle Detection should not detect a cycle in an acyclic graph" time="0.0">
                      
                    </testcase><testcase classname="graph.GraphOperationsSpec" name="Floyd's Algorithm should compute shortest paths between all pairs" time="0.0">
                      
                    </testcase><testcase classname="graph.GraphOperationsSpec" name="Dijkstra's Algorithm should find the shortest path from a source" time="0.009">
                      
                    </testcase>
          <system-out><![CDATA[]]></system-out>
          <system-err><![CDATA[]]></system-err>
        </testsuite>